2019-07-23 09:14:39.0330 [DEBUG] Scene Fusion version 1.8.2-3
2019-07-23 09:21:19.3134 [DEBUG] Scene Fusion version 1.8.2-3
2019-07-23 09:21:19.4321 [DEBUG] Play mode: True, sync in play mode: False
2019-07-23 09:21:49.0368 [DEBUG] Play mode: False
2019-07-23 09:22:03.6293 [DEBUG] Scene Fusion version 1.8.2-3
2019-07-23 09:22:03.7832 [DEBUG] Play mode: True, sync in play mode: False
2019-07-23 09:22:33.8772 [DEBUG] Play mode: False
2019-07-23 09:28:10.9004 [DEBUG] Scene Fusion version 1.8.2-3
2019-07-23 09:28:10.9956 [DEBUG] Play mode: True, sync in play mode: False
2019-07-23 09:28:41.9179 [DEBUG] Play mode: False
2019-07-23 09:39:38.5969 [DEBUG] Scene Fusion version 1.8.2-3
2019-07-23 09:39:38.7103 [DEBUG] Play mode: True, sync in play mode: False
2019-07-23 09:40:20.6861 [DEBUG] Play mode: False
2019-07-23 09:46:13.6401 [DEBUG] Scene Fusion version 1.8.2-3
2019-07-23 09:46:13.7715 [DEBUG] Play mode: True, sync in play mode: False
2019-07-23 09:47:26.7288 [DEBUG] Play mode: False
2019-07-23 09:50:46.9679 [DEBUG] Scene Fusion version 1.8.2-3
2019-07-23 09:50:47.0811 [DEBUG] Play mode: True, sync in play mode: False
2019-07-23 09:50:58.8448 [DEBUG] Play mode: False
2019-07-23 09:51:16.3601 [DEBUG] Scene Fusion version 1.8.2-3
2019-07-23 09:51:16.4724 [DEBUG] Play mode: True, sync in play mode: False
2019-07-23 09:51:31.7060 [DEBUG] Play mode: False
2019-07-23 09:53:13.6259 [DEBUG] Scene Fusion version 1.8.2-3
2019-07-23 09:53:13.7225 [DEBUG] Play mode: True, sync in play mode: False
2019-07-23 09:55:40.4395 [DEBUG] Play mode: False
2019-07-23 09:57:24.5967 [DEBUG] Scene Fusion version 1.8.2-3
2019-07-23 09:57:24.7334 [DEBUG] Play mode: True, sync in play mode: False
2019-07-23 09:57:38.5112 [DEBUG] Play mode: False
2019-07-23 09:57:59.2015 [DEBUG] Scene Fusion version 1.8.2-3
2019-07-23 09:57:59.3157 [DEBUG] Play mode: True, sync in play mode: False
2019-07-23 11:33:07.9829 [DEBUG] Play mode: False
2019-07-23 11:33:15.3627 [DEBUG] Scene Fusion version 1.8.2-3
2019-07-23 11:33:15.4991 [DEBUG] Play mode: True, sync in play mode: False
2019-07-23 11:34:20.4932 [DEBUG] Play mode: False
2019-07-23 11:35:03.4357 [DEBUG] Scene Fusion version 1.8.2-3
2019-07-23 11:35:03.5521 [DEBUG] Play mode: True, sync in play mode: False
2019-07-23 11:36:01.7027 [DEBUG] Play mode: False
2019-07-23 11:36:54.1760 [DEBUG] Scene Fusion version 1.8.2-3
2019-07-23 11:36:54.2991 [DEBUG] Play mode: True, sync in play mode: False
2019-07-23 11:37:40.9944 [DEBUG] Play mode: False
2019-07-23 11:38:38.6275 [DEBUG] Scene Fusion version 1.8.2-3
2019-07-23 11:38:38.7598 [DEBUG] Play mode: True, sync in play mode: False
2019-07-23 11:41:22.7070 [DEBUG] Play mode: False
2019-07-23 11:42:45.2757 [DEBUG] Scene Fusion version 1.8.2-3
2019-07-23 11:44:18.4411 [DEBUG] Scene Fusion version 1.8.2-3
2019-07-23 11:44:37.0138 [DEBUG] Scene Fusion version 1.8.2-3
2019-07-23 11:44:37.1309 [DEBUG] Play mode: True, sync in play mode: False
2019-07-23 11:44:44.2656 [DEBUG] Play mode: False
2019-07-23 11:55:53.2195 [DEBUG] Scene Fusion version 1.8.2-3
2019-07-23 11:55:53.3313 [DEBUG] Play mode: True, sync in play mode: False
2019-07-23 11:56:27.5366 [DEBUG] Play mode: False
2019-07-23 12:19:37.0830 [DEBUG] Scene Fusion version 1.8.2-3
2019-07-23 12:19:37.2189 [DEBUG] Play mode: True, sync in play mode: False
2019-07-23 12:19:44.2443 [DEBUG] Play mode: False
2019-07-23 12:19:59.7872 [DEBUG] Scene Fusion version 1.8.2-3
2019-07-23 12:19:59.9019 [DEBUG] Play mode: True, sync in play mode: False
2019-07-23 12:20:07.3199 [DEBUG] Play mode: False
2019-07-23 12:20:31.2391 [DEBUG] Scene Fusion version 1.8.2-3
2019-07-23 12:20:31.3870 [DEBUG] Play mode: True, sync in play mode: False
2019-07-23 12:20:35.0783 [DEBUG] Play mode: False
2019-07-23 12:20:38.3222 [DEBUG] Scene Fusion version 1.8.2-3
2019-07-23 12:20:38.4609 [DEBUG] Play mode: True, sync in play mode: False
2019-07-23 12:20:40.0912 [DEBUG] Play mode: False
2019-07-23 12:21:01.0930 [DEBUG] Scene Fusion version 1.8.2-3
2019-07-23 12:21:01.2251 [DEBUG] Play mode: True, sync in play mode: False
2019-07-23 12:21:06.6477 [DEBUG] Play mode: False
2019-07-23 12:21:21.2290 [DEBUG] Scene Fusion version 1.8.2-3
2019-07-23 12:21:21.3579 [DEBUG] Play mode: True, sync in play mode: False
2019-07-23 12:21:39.0919 [DEBUG] Play mode: False
2019-07-23 12:21:51.0317 [DEBUG] Scene Fusion version 1.8.2-3
2019-07-23 12:21:51.1788 [DEBUG] Play mode: True, sync in play mode: False
2019-07-23 12:22:05.8779 [DEBUG] Play mode: False
2019-07-23 12:25:33.2336 [DEBUG] Scene Fusion version 1.8.2-3
2019-07-23 12:25:33.3745 [DEBUG] Play mode: True, sync in play mode: False
2019-07-23 12:25:45.4187 [DEBUG] Play mode: False
2019-07-23 12:27:04.1100 [DEBUG] Scene Fusion version 1.8.2-3
2019-07-23 12:27:08.2906 [DEBUG] Scene Fusion version 1.8.2-3
2019-07-23 12:27:08.3942 [DEBUG] Play mode: True, sync in play mode: False
2019-07-23 12:27:34.7367 [DEBUG] Play mode: False
2019-07-23 12:44:50.1794 [DEBUG] Scene Fusion version 1.8.2-3
2019-07-23 12:44:50.2891 [DEBUG] Play mode: True, sync in play mode: False
2019-07-23 12:44:55.9192 [DEBUG] Play mode: False
2019-07-23 12:47:07.4680 [DEBUG] Scene Fusion version 1.8.2-3
2019-07-23 12:47:07.6305 [DEBUG] Play mode: True, sync in play mode: False
2019-07-23 12:47:44.2070 [DEBUG] Play mode: False
2019-07-23 12:48:28.9230 [DEBUG] Scene Fusion version 1.8.2-3
2019-07-23 12:48:29.0496 [DEBUG] Play mode: True, sync in play mode: False
2019-07-23 12:48:32.2594 [DEBUG] Play mode: False
2019-07-23 12:48:38.7341 [DEBUG] Scene Fusion version 1.8.2-3
2019-07-23 12:48:38.8675 [DEBUG] Play mode: True, sync in play mode: False
2019-07-23 12:57:21.9460 [DEBUG] Play mode: False
2019-07-23 12:57:26.0481 [DEBUG] Scene Fusion version 1.8.2-3
2019-07-23 12:57:26.1588 [DEBUG] Play mode: True, sync in play mode: False
2019-07-23 12:57:40.1781 [DEBUG] Play mode: False
2019-07-23 12:58:00.1579 [DEBUG] Scene Fusion version 1.8.2-3
2019-07-23 12:58:26.1407 [ERROR] NullReferenceException: Object reference not set to an instance of an object
UnityEditor.GameObjectInspector.ClearPreviewCache () (at C:/buildslave/unity/build/Editor/Mono/Inspector/GameObjectInspector.cs:201)
UnityEditor.GameObjectInspector.OnDisable () (at C:/buildslave/unity/build/Editor/Mono/Inspector/GameObjectInspector.cs:189)

2019-07-23 12:58:26.1407 [ERROR] NullReferenceException: Object reference not set to an instance of an object
UnityEditor.GameObjectInspector.ClearPreviewCache () (at C:/buildslave/unity/build/Editor/Mono/Inspector/GameObjectInspector.cs:201)
UnityEditor.GameObjectInspector.OnDisable () (at C:/buildslave/unity/build/Editor/Mono/Inspector/GameObjectInspector.cs:189)

2019-07-23 12:58:26.1417 [ERROR] NullReferenceException: Object reference not set to an instance of an object
UnityEditor.GameObjectInspector.ClearPreviewCache () (at C:/buildslave/unity/build/Editor/Mono/Inspector/GameObjectInspector.cs:201)
UnityEditor.GameObjectInspector.OnDisable () (at C:/buildslave/unity/build/Editor/Mono/Inspector/GameObjectInspector.cs:189)

2019-07-23 12:58:26.1457 [ERROR] NullReferenceException: Object reference not set to an instance of an object
UnityEditor.GameObjectInspector.ClearPreviewCache () (at C:/buildslave/unity/build/Editor/Mono/Inspector/GameObjectInspector.cs:201)
UnityEditor.GameObjectInspector.OnDisable () (at C:/buildslave/unity/build/Editor/Mono/Inspector/GameObjectInspector.cs:189)

2019-07-23 12:58:26.1476 [ERROR] NullReferenceException: Object reference not set to an instance of an object
UnityEditor.GameObjectInspector.ClearPreviewCache () (at C:/buildslave/unity/build/Editor/Mono/Inspector/GameObjectInspector.cs:201)
UnityEditor.GameObjectInspector.OnDisable () (at C:/buildslave/unity/build/Editor/Mono/Inspector/GameObjectInspector.cs:189)

2019-07-23 12:58:26.1496 [ERROR] NullReferenceException: Object reference not set to an instance of an object
UnityEditor.GameObjectInspector.ClearPreviewCache () (at C:/buildslave/unity/build/Editor/Mono/Inspector/GameObjectInspector.cs:201)
UnityEditor.GameObjectInspector.OnDisable () (at C:/buildslave/unity/build/Editor/Mono/Inspector/GameObjectInspector.cs:189)

2019-07-23 12:58:28.4054 [DEBUG] Scene Fusion version 1.8.2-3
2019-07-23 12:58:28.5310 [DEBUG] Play mode: True, sync in play mode: False
2019-07-23 12:58:43.7492 [DEBUG] Play mode: False
2019-07-23 12:58:56.1689 [DEBUG] Scene Fusion version 1.8.2-3
2019-07-23 12:58:56.2905 [DEBUG] Play mode: True, sync in play mode: False
2019-07-23 12:59:19.6367 [DEBUG] Play mode: False
2019-07-23 12:59:53.5301 [DEBUG] Scene Fusion version 1.8.2-3
2019-07-23 12:59:53.6587 [DEBUG] Play mode: True, sync in play mode: False
2019-07-23 13:00:01.6021 [DEBUG] Play mode: False
2019-07-23 13:00:06.4372 [DEBUG] Scene Fusion version 1.8.2-3
2019-07-23 13:00:06.5707 [DEBUG] Play mode: True, sync in play mode: False
2019-07-23 13:00:09.0340 [DEBUG] Play mode: False
2019-07-23 13:00:31.3332 [DEBUG] Scene Fusion version 1.8.2-3
2019-07-23 13:00:31.4807 [DEBUG] Play mode: True, sync in play mode: False
2019-07-23 13:01:02.7594 [DEBUG] Play mode: False
2019-07-23 13:01:37.2502 [DEBUG] Scene Fusion version 1.8.2-3
2019-07-23 13:01:37.3718 [DEBUG] Play mode: True, sync in play mode: False
2019-07-23 13:01:47.8969 [DEBUG] Play mode: False
2019-07-23 13:02:01.7234 [DEBUG] Scene Fusion version 1.8.2-3
2019-07-23 13:02:01.8550 [DEBUG] Play mode: True, sync in play mode: False
2019-07-23 13:06:03.4771 [DEBUG] Play mode: False
2019-07-23 13:06:08.9223 [DEBUG] Scene Fusion version 1.8.2-3
2019-07-23 13:06:15.7766 [ERROR] NullReferenceException: Object reference not set to an instance of an object
UnityEditor.GameObjectInspector.ClearPreviewCache () (at C:/buildslave/unity/build/Editor/Mono/Inspector/GameObjectInspector.cs:201)
UnityEditor.GameObjectInspector.OnDisable () (at C:/buildslave/unity/build/Editor/Mono/Inspector/GameObjectInspector.cs:189)

2019-07-23 13:06:15.7776 [ERROR] NullReferenceException: Object reference not set to an instance of an object
UnityEditor.GameObjectInspector.ClearPreviewCache () (at C:/buildslave/unity/build/Editor/Mono/Inspector/GameObjectInspector.cs:201)
UnityEditor.GameObjectInspector.OnDisable () (at C:/buildslave/unity/build/Editor/Mono/Inspector/GameObjectInspector.cs:189)

2019-07-23 13:06:15.7786 [ERROR] NullReferenceException: Object reference not set to an instance of an object
UnityEditor.GameObjectInspector.ClearPreviewCache () (at C:/buildslave/unity/build/Editor/Mono/Inspector/GameObjectInspector.cs:201)
UnityEditor.GameObjectInspector.OnDisable () (at C:/buildslave/unity/build/Editor/Mono/Inspector/GameObjectInspector.cs:189)

2019-07-23 13:06:15.7826 [ERROR] NullReferenceException: Object reference not set to an instance of an object
UnityEditor.GameObjectInspector.ClearPreviewCache () (at C:/buildslave/unity/build/Editor/Mono/Inspector/GameObjectInspector.cs:201)
UnityEditor.GameObjectInspector.OnDisable () (at C:/buildslave/unity/build/Editor/Mono/Inspector/GameObjectInspector.cs:189)

2019-07-23 13:06:15.7846 [ERROR] NullReferenceException: Object reference not set to an instance of an object
UnityEditor.GameObjectInspector.ClearPreviewCache () (at C:/buildslave/unity/build/Editor/Mono/Inspector/GameObjectInspector.cs:201)
UnityEditor.GameObjectInspector.OnDisable () (at C:/buildslave/unity/build/Editor/Mono/Inspector/GameObjectInspector.cs:189)

2019-07-23 13:06:15.7856 [ERROR] NullReferenceException: Object reference not set to an instance of an object
UnityEditor.GameObjectInspector.ClearPreviewCache () (at C:/buildslave/unity/build/Editor/Mono/Inspector/GameObjectInspector.cs:201)
UnityEditor.GameObjectInspector.OnDisable () (at C:/buildslave/unity/build/Editor/Mono/Inspector/GameObjectInspector.cs:189)

